<?xml version="1.0" encoding="utf-8"?><testsuites name="pytest tests"><testsuite name="pytest" errors="0" failures="0" skipped="0" tests="21" time="64.810" timestamp="2026-04-26T08:56:56.736043+00:00" hostname="agent-env-b70ca5dc-b819-4ce8-b854-d49778beb5c5"><testcase classname="backend.tests.test_api.TestHealth" name="test_health" time="0.204" /><testcase classname="backend.tests.test_api.TestAuthEnforcement" name="test_no_token_returns_401" time="0.143" /><testcase classname="backend.tests.test_api.TestAuthEnforcement" name="test_invalid_token_returns_401" time="0.152" /><testcase classname="backend.tests.test_api.TestAuthEnforcement" name="test_seed_requires_auth" time="0.134" /><testcase classname="backend.tests.test_api.TestAuthEnforcement" name="test_billing_status_requires_auth" time="0.135" /><testcase classname="backend.tests.test_api.TestWorkspaceCreation" name="test_workspace_created_with_owner_member" time="2.938" /><testcase classname="backend.tests.test_api.TestSeed" name="test_seed_creates_data" time="7.476" /><testcase classname="backend.tests.test_api.TestAI" name="test_classify_signal" time="2.417" /><testcase classname="backend.tests.test_api.TestAI" name="test_generate_memo" time="11.500" /><testcase classname="backend.tests.test_api.TestAI" name="test_proof_summary" time="8.559" /><testcase classname="backend.tests.test_api.TestAI" name="test_ai_ask" time="4.577" /><testcase classname="backend.tests.test_api.TestScoring" name="test_score_workspace_bulk" time="5.251" /><testcase classname="backend.tests.test_api.TestScoring" name="test_score_single_opportunity" time="3.086" /><testcase classname="backend.tests.test_api.TestBilling" name="test_pricing_returns_plans" time="0.448" /><testcase classname="backend.tests.test_api.TestBilling" name="test_billing_status" time="1.064" /><testcase classname="backend.tests.test_api.TestBilling" name="test_checkout_returns_dodo_url[starter-monthly]" time="2.178" /><testcase classname="backend.tests.test_api.TestBilling" name="test_checkout_returns_dodo_url[growth-annual]" time="2.673" /><testcase classname="backend.tests.test_api.TestInvites" name="test_invite_and_accept_flow" time="4.042" /><testcase classname="backend.tests.test_api.TestRLS" name="test_other_user_cannot_read_workspace_data" time="4.315" /><testcase classname="backend.tests.test_api.TestRLS" name="test_random_user_cannot_seed_other_workspace" time="2.086" /><testcase classname="backend.tests.test_api.TestQuota" name="test_quota_rpc_initial_allowed" time="1.378" /></testsuite></testsuites>